<?xml version="1.0" encoding="UTF-8"?>
<!-- Generated by org.testng.reporters.JUnitReportReporter -->
<testsuite hostname="DESKTOP-QVM6J4J" failures="0" tests="1" name="Com.Test.Verify_Test001" time="11.451" errors="0" timestamp="2021-12-22T21:11:40 IST" skipped="0">
  <testcase classname="Com.Test.Verify_Test001" name="Verify_mvn_tc001" time="11.451"/>
  <system-out/>
</testsuite> <!-- Com.Test.Verify_Test001 -->
